current directory: /Users/mikekruszewski/Development/flatiron/Sinatra/sinatra-complex-forms-associations/.bundle/gems/sqlite3-1.3.11/ext/sqlite3
/Users/mikekruszewski/.rvm/rubies/ruby-2.5.0/bin/ruby -r ./siteconf20180310-2511-jp4m8m.rb extconf.rb
checking for sqlite3.h... yes
checking for sqlite3_libversion_number() in -lsqlite3... yes
checking for rb_proc_arity()... yes
checking for rb_integer_pack()... yes
checking for sqlite3_initialize()... yes
checking for sqlite3_backup_init()... yes
checking for sqlite3_column_database_name()... yes
checking for sqlite3_enable_load_extension()... no
checking for sqlite3_load_extension()... no
checking for sqlite3_open_v2()... yes
checking for sqlite3_prepare_v2()... yes
checking for sqlite3_int64 in sqlite3.h... yes
checking for sqlite3_uint64 in sqlite3.h... yes
creating Makefile

current directory: /Users/mikekruszewski/Development/flatiron/Sinatra/sinatra-complex-forms-associations/.bundle/gems/sqlite3-1.3.11/ext/sqlite3
make "DESTDIR=" clean

current directory: /Users/mikekruszewski/Development/flatiron/Sinatra/sinatra-complex-forms-associations/.bundle/gems/sqlite3-1.3.11/ext/sqlite3
make "DESTDIR="
compiling backup.c
compiling database.c
database.c:205:3: warning: 'sqlite3_trace' is deprecated: first deprecated in macOS 10.12 [-Wdeprecated-declarations]
  sqlite3_trace(ctx->db, NIL_P(block) ? NULL : tracefunc, (void *)self);
  ^~~~~~~~~~~~~
  sqlite3_trace_v2
/usr/include/sqlite3.h:2906:36: note: 'sqlite3_trace' has been explicitly marked deprecated here
SQLITE_API SQLITE_DEPRECATED void *sqlite3_trace(
                                   ^
1 warning generated.
compiling exception.c
compiling sqlite3.c
compiling statement.c
linking shared-object sqlite3/sqlite3_native.bundle

current directory: /Users/mikekruszewski/Development/flatiron/Sinatra/sinatra-complex-forms-associations/.bundle/gems/sqlite3-1.3.11/ext/sqlite3
make "DESTDIR=" install
/usr/local/opt/coreutils/bin/ginstall -c -m 0755 sqlite3_native.bundle ./.gem.20180310-2511-fbywij/sqlite3
